  [1m[35m (923.1ms)[0m  [1m[35mCREATE DATABASE "first_routes_development" ENCODING = 'unicode'[0m
  ↳ bin/rails:9
  [1m[35m (325.3ms)[0m  [1m[35mCREATE DATABASE "first_routes_test" ENCODING = 'unicode'[0m
  ↳ bin/rails:9
  [1m[35m (1570.8ms)[0m  [1m[35mCREATE DATABASE "first_routes_development" ENCODING = 'unicode'[0m
  ↳ bin/rails:9
  [1m[35m (1093.1ms)[0m  [1m[35mCREATE DATABASE "first_routes_test" ENCODING = 'unicode'[0m
  ↳ bin/rails:9
Started GET "/" for ::1 at 2020-12-03 13:40:29 -0500
Processing by Rails::WelcomeController#index as HTML
  Rendering /home/juansanchez/.rbenv/versions/2.5.1/lib/ruby/gems/2.5.0/gems/railties-5.2.4.4/lib/rails/templates/rails/welcome/index.html.erb
  Rendered /home/juansanchez/.rbenv/versions/2.5.1/lib/ruby/gems/2.5.0/gems/railties-5.2.4.4/lib/rails/templates/rails/welcome/index.html.erb (6.9ms)
Completed 200 OK in 44ms (Views: 25.2ms | ActiveRecord: 0.0ms)


Started GET "/" for ::1 at 2020-12-03 13:44:16 -0500
Processing by Rails::WelcomeController#index as */*
  Rendering /home/juansanchez/.rbenv/versions/2.5.1/lib/ruby/gems/2.5.0/gems/railties-5.2.4.4/lib/rails/templates/rails/welcome/index.html.erb
  Rendered /home/juansanchez/.rbenv/versions/2.5.1/lib/ruby/gems/2.5.0/gems/railties-5.2.4.4/lib/rails/templates/rails/welcome/index.html.erb (1.5ms)
Completed 200 OK in 37ms (Views: 16.2ms | ActiveRecord: 0.0ms)


Started GET "/users" for ::1 at 2020-12-03 13:44:49 -0500
  
AbstractController::ActionNotFound (The action 'index' could not be found for UsersController):
  
actionpack (5.2.4.4) lib/abstract_controller/base.rb:129:in `process'
actionview (5.2.4.4) lib/action_view/rendering.rb:32:in `process'
actionpack (5.2.4.4) lib/action_controller/metal.rb:191:in `dispatch'
actionpack (5.2.4.4) lib/action_controller/metal.rb:252:in `dispatch'
actionpack (5.2.4.4) lib/action_dispatch/routing/route_set.rb:52:in `dispatch'
actionpack (5.2.4.4) lib/action_dispatch/routing/route_set.rb:34:in `serve'
actionpack (5.2.4.4) lib/action_dispatch/journey/router.rb:52:in `block in serve'
actionpack (5.2.4.4) lib/action_dispatch/journey/router.rb:35:in `each'
actionpack (5.2.4.4) lib/action_dispatch/journey/router.rb:35:in `serve'
actionpack (5.2.4.4) lib/action_dispatch/routing/route_set.rb:840:in `call'
rack (2.2.3) lib/rack/tempfile_reaper.rb:15:in `call'
rack (2.2.3) lib/rack/etag.rb:27:in `call'
rack (2.2.3) lib/rack/conditional_get.rb:27:in `call'
rack (2.2.3) lib/rack/head.rb:12:in `call'
actionpack (5.2.4.4) lib/action_dispatch/http/content_security_policy.rb:18:in `call'
rack (2.2.3) lib/rack/session/abstract/id.rb:266:in `context'
rack (2.2.3) lib/rack/session/abstract/id.rb:260:in `call'
actionpack (5.2.4.4) lib/action_dispatch/middleware/cookies.rb:670:in `call'
activerecord (5.2.4.4) lib/active_record/migration.rb:559:in `call'
actionpack (5.2.4.4) lib/action_dispatch/middleware/callbacks.rb:28:in `block in call'
activesupport (5.2.4.4) lib/active_support/callbacks.rb:98:in `run_callbacks'
actionpack (5.2.4.4) lib/action_dispatch/middleware/callbacks.rb:26:in `call'
actionpack (5.2.4.4) lib/action_dispatch/middleware/executor.rb:14:in `call'
actionpack (5.2.4.4) lib/action_dispatch/middleware/debug_exceptions.rb:61:in `call'
web-console (3.7.0) lib/web_console/middleware.rb:135:in `call_app'
web-console (3.7.0) lib/web_console/middleware.rb:30:in `block in call'
web-console (3.7.0) lib/web_console/middleware.rb:20:in `catch'
web-console (3.7.0) lib/web_console/middleware.rb:20:in `call'
actionpack (5.2.4.4) lib/action_dispatch/middleware/show_exceptions.rb:33:in `call'
railties (5.2.4.4) lib/rails/rack/logger.rb:38:in `call_app'
railties (5.2.4.4) lib/rails/rack/logger.rb:26:in `block in call'
activesupport (5.2.4.4) lib/active_support/tagged_logging.rb:71:in `block in tagged'
activesupport (5.2.4.4) lib/active_support/tagged_logging.rb:28:in `tagged'
activesupport (5.2.4.4) lib/active_support/tagged_logging.rb:71:in `tagged'
railties (5.2.4.4) lib/rails/rack/logger.rb:26:in `call'
sprockets-rails (3.2.2) lib/sprockets/rails/quiet_assets.rb:13:in `call'
actionpack (5.2.4.4) lib/action_dispatch/middleware/remote_ip.rb:81:in `call'
actionpack (5.2.4.4) lib/action_dispatch/middleware/request_id.rb:27:in `call'
rack (2.2.3) lib/rack/method_override.rb:24:in `call'
rack (2.2.3) lib/rack/runtime.rb:22:in `call'
activesupport (5.2.4.4) lib/active_support/cache/strategy/local_cache_middleware.rb:29:in `call'
actionpack (5.2.4.4) lib/action_dispatch/middleware/executor.rb:14:in `call'
actionpack (5.2.4.4) lib/action_dispatch/middleware/static.rb:127:in `call'
rack (2.2.3) lib/rack/sendfile.rb:110:in `call'
railties (5.2.4.4) lib/rails/engine.rb:524:in `call'
puma (3.12.6) lib/puma/configuration.rb:227:in `call'
puma (3.12.6) lib/puma/server.rb:706:in `handle_request'
puma (3.12.6) lib/puma/server.rb:476:in `process_client'
puma (3.12.6) lib/puma/server.rb:334:in `block in run'
puma (3.12.6) lib/puma/thread_pool.rb:135:in `block in spawn_thread'
Started GET "/users" for ::1 at 2020-12-03 13:47:27 -0500
Processing by UsersController#index as */*
No template found for UsersController#index, rendering head :no_content
Completed 204 No Content in 57ms (ActiveRecord: 0.0ms)


Started GET "/users" for ::1 at 2020-12-03 13:47:52 -0500
Processing by UsersController#index as */*
No template found for UsersController#index, rendering head :no_content
Completed 204 No Content in 59ms (ActiveRecord: 0.0ms)


Started GET "/" for ::1 at 2020-12-03 13:48:35 -0500
Processing by Rails::WelcomeController#index as HTML
  Rendering /home/juansanchez/.rbenv/versions/2.5.1/lib/ruby/gems/2.5.0/gems/railties-5.2.4.4/lib/rails/templates/rails/welcome/index.html.erb
  Rendered /home/juansanchez/.rbenv/versions/2.5.1/lib/ruby/gems/2.5.0/gems/railties-5.2.4.4/lib/rails/templates/rails/welcome/index.html.erb (1.5ms)
Completed 200 OK in 5ms (Views: 3.0ms | ActiveRecord: 0.0ms)


Started GET "/" for ::1 at 2020-12-03 13:48:36 -0500
Processing by Rails::WelcomeController#index as HTML
  Rendering /home/juansanchez/.rbenv/versions/2.5.1/lib/ruby/gems/2.5.0/gems/railties-5.2.4.4/lib/rails/templates/rails/welcome/index.html.erb
  Rendered /home/juansanchez/.rbenv/versions/2.5.1/lib/ruby/gems/2.5.0/gems/railties-5.2.4.4/lib/rails/templates/rails/welcome/index.html.erb (1.6ms)
Completed 200 OK in 4ms (Views: 2.9ms | ActiveRecord: 0.0ms)


Started GET "/users" for ::1 at 2020-12-03 13:48:55 -0500
Processing by UsersController#index as */*
No template found for UsersController#index, rendering head :no_content
Completed 204 No Content in 60ms (ActiveRecord: 0.0ms)


Started GET "/users" for ::1 at 2020-12-03 13:49:37 -0500
Processing by UsersController#index as */*
  Rendering text template
  Rendered text template (0.0ms)
Completed 200 OK in 7ms (Views: 6.4ms | ActiveRecord: 0.0ms)


Started GET "/users?fav_food=pizza" for ::1 at 2020-12-03 13:51:59 -0500
Processing by UsersController#index as */*
  Parameters: {"fav_food"=>"pizza"}
  Rendering text template
  Rendered text template (0.0ms)
Completed 200 OK in 1ms (Views: 0.7ms | ActiveRecord: 0.0ms)


Started POST "/users" for ::1 at 2020-12-03 13:55:44 -0500
  
AbstractController::ActionNotFound (The action 'create' could not be found for UsersController):
  
actionpack (5.2.4.4) lib/abstract_controller/base.rb:129:in `process'
actionview (5.2.4.4) lib/action_view/rendering.rb:32:in `process'
actionpack (5.2.4.4) lib/action_controller/metal.rb:191:in `dispatch'
actionpack (5.2.4.4) lib/action_controller/metal.rb:252:in `dispatch'
actionpack (5.2.4.4) lib/action_dispatch/routing/route_set.rb:52:in `dispatch'
actionpack (5.2.4.4) lib/action_dispatch/routing/route_set.rb:34:in `serve'
actionpack (5.2.4.4) lib/action_dispatch/journey/router.rb:52:in `block in serve'
actionpack (5.2.4.4) lib/action_dispatch/journey/router.rb:35:in `each'
actionpack (5.2.4.4) lib/action_dispatch/journey/router.rb:35:in `serve'
actionpack (5.2.4.4) lib/action_dispatch/routing/route_set.rb:840:in `call'
rack (2.2.3) lib/rack/tempfile_reaper.rb:15:in `call'
rack (2.2.3) lib/rack/etag.rb:27:in `call'
rack (2.2.3) lib/rack/conditional_get.rb:40:in `call'
rack (2.2.3) lib/rack/head.rb:12:in `call'
actionpack (5.2.4.4) lib/action_dispatch/http/content_security_policy.rb:18:in `call'
rack (2.2.3) lib/rack/session/abstract/id.rb:266:in `context'
rack (2.2.3) lib/rack/session/abstract/id.rb:260:in `call'
actionpack (5.2.4.4) lib/action_dispatch/middleware/cookies.rb:670:in `call'
activerecord (5.2.4.4) lib/active_record/migration.rb:559:in `call'
actionpack (5.2.4.4) lib/action_dispatch/middleware/callbacks.rb:28:in `block in call'
activesupport (5.2.4.4) lib/active_support/callbacks.rb:98:in `run_callbacks'
actionpack (5.2.4.4) lib/action_dispatch/middleware/callbacks.rb:26:in `call'
actionpack (5.2.4.4) lib/action_dispatch/middleware/executor.rb:14:in `call'
actionpack (5.2.4.4) lib/action_dispatch/middleware/debug_exceptions.rb:61:in `call'
web-console (3.7.0) lib/web_console/middleware.rb:135:in `call_app'
web-console (3.7.0) lib/web_console/middleware.rb:30:in `block in call'
web-console (3.7.0) lib/web_console/middleware.rb:20:in `catch'
web-console (3.7.0) lib/web_console/middleware.rb:20:in `call'
actionpack (5.2.4.4) lib/action_dispatch/middleware/show_exceptions.rb:33:in `call'
railties (5.2.4.4) lib/rails/rack/logger.rb:38:in `call_app'
railties (5.2.4.4) lib/rails/rack/logger.rb:26:in `block in call'
activesupport (5.2.4.4) lib/active_support/tagged_logging.rb:71:in `block in tagged'
activesupport (5.2.4.4) lib/active_support/tagged_logging.rb:28:in `tagged'
activesupport (5.2.4.4) lib/active_support/tagged_logging.rb:71:in `tagged'
railties (5.2.4.4) lib/rails/rack/logger.rb:26:in `call'
sprockets-rails (3.2.2) lib/sprockets/rails/quiet_assets.rb:13:in `call'
actionpack (5.2.4.4) lib/action_dispatch/middleware/remote_ip.rb:81:in `call'
actionpack (5.2.4.4) lib/action_dispatch/middleware/request_id.rb:27:in `call'
rack (2.2.3) lib/rack/method_override.rb:24:in `call'
rack (2.2.3) lib/rack/runtime.rb:22:in `call'
activesupport (5.2.4.4) lib/active_support/cache/strategy/local_cache_middleware.rb:29:in `call'
actionpack (5.2.4.4) lib/action_dispatch/middleware/executor.rb:14:in `call'
actionpack (5.2.4.4) lib/action_dispatch/middleware/static.rb:127:in `call'
rack (2.2.3) lib/rack/sendfile.rb:110:in `call'
railties (5.2.4.4) lib/rails/engine.rb:524:in `call'
puma (3.12.6) lib/puma/configuration.rb:227:in `call'
puma (3.12.6) lib/puma/server.rb:706:in `handle_request'
puma (3.12.6) lib/puma/server.rb:476:in `process_client'
puma (3.12.6) lib/puma/server.rb:334:in `block in run'
puma (3.12.6) lib/puma/thread_pool.rb:135:in `block in spawn_thread'
Started POST "/users" for ::1 at 2020-12-03 13:56:47 -0500
Processing by UsersController#create as */*
  Parameters: {"admin"=>"true"}
Completed 200 OK in 1ms (Views: 0.5ms | ActiveRecord: 0.0ms)


Started GET "/users/123" for ::1 at 2020-12-03 14:00:08 -0500
  
AbstractController::ActionNotFound (The action 'show' could not be found for UsersController):
  
actionpack (5.2.4.4) lib/abstract_controller/base.rb:129:in `process'
actionview (5.2.4.4) lib/action_view/rendering.rb:32:in `process'
actionpack (5.2.4.4) lib/action_controller/metal.rb:191:in `dispatch'
actionpack (5.2.4.4) lib/action_controller/metal.rb:252:in `dispatch'
actionpack (5.2.4.4) lib/action_dispatch/routing/route_set.rb:52:in `dispatch'
actionpack (5.2.4.4) lib/action_dispatch/routing/route_set.rb:34:in `serve'
actionpack (5.2.4.4) lib/action_dispatch/journey/router.rb:52:in `block in serve'
actionpack (5.2.4.4) lib/action_dispatch/journey/router.rb:35:in `each'
actionpack (5.2.4.4) lib/action_dispatch/journey/router.rb:35:in `serve'
actionpack (5.2.4.4) lib/action_dispatch/routing/route_set.rb:840:in `call'
rack (2.2.3) lib/rack/tempfile_reaper.rb:15:in `call'
rack (2.2.3) lib/rack/etag.rb:27:in `call'
rack (2.2.3) lib/rack/conditional_get.rb:27:in `call'
rack (2.2.3) lib/rack/head.rb:12:in `call'
actionpack (5.2.4.4) lib/action_dispatch/http/content_security_policy.rb:18:in `call'
rack (2.2.3) lib/rack/session/abstract/id.rb:266:in `context'
rack (2.2.3) lib/rack/session/abstract/id.rb:260:in `call'
actionpack (5.2.4.4) lib/action_dispatch/middleware/cookies.rb:670:in `call'
activerecord (5.2.4.4) lib/active_record/migration.rb:559:in `call'
actionpack (5.2.4.4) lib/action_dispatch/middleware/callbacks.rb:28:in `block in call'
activesupport (5.2.4.4) lib/active_support/callbacks.rb:98:in `run_callbacks'
actionpack (5.2.4.4) lib/action_dispatch/middleware/callbacks.rb:26:in `call'
actionpack (5.2.4.4) lib/action_dispatch/middleware/executor.rb:14:in `call'
actionpack (5.2.4.4) lib/action_dispatch/middleware/debug_exceptions.rb:61:in `call'
web-console (3.7.0) lib/web_console/middleware.rb:135:in `call_app'
web-console (3.7.0) lib/web_console/middleware.rb:30:in `block in call'
web-console (3.7.0) lib/web_console/middleware.rb:20:in `catch'
web-console (3.7.0) lib/web_console/middleware.rb:20:in `call'
actionpack (5.2.4.4) lib/action_dispatch/middleware/show_exceptions.rb:33:in `call'
railties (5.2.4.4) lib/rails/rack/logger.rb:38:in `call_app'
railties (5.2.4.4) lib/rails/rack/logger.rb:26:in `block in call'
activesupport (5.2.4.4) lib/active_support/tagged_logging.rb:71:in `block in tagged'
activesupport (5.2.4.4) lib/active_support/tagged_logging.rb:28:in `tagged'
activesupport (5.2.4.4) lib/active_support/tagged_logging.rb:71:in `tagged'
railties (5.2.4.4) lib/rails/rack/logger.rb:26:in `call'
sprockets-rails (3.2.2) lib/sprockets/rails/quiet_assets.rb:13:in `call'
actionpack (5.2.4.4) lib/action_dispatch/middleware/remote_ip.rb:81:in `call'
actionpack (5.2.4.4) lib/action_dispatch/middleware/request_id.rb:27:in `call'
rack (2.2.3) lib/rack/method_override.rb:24:in `call'
rack (2.2.3) lib/rack/runtime.rb:22:in `call'
activesupport (5.2.4.4) lib/active_support/cache/strategy/local_cache_middleware.rb:29:in `call'
actionpack (5.2.4.4) lib/action_dispatch/middleware/executor.rb:14:in `call'
actionpack (5.2.4.4) lib/action_dispatch/middleware/static.rb:127:in `call'
rack (2.2.3) lib/rack/sendfile.rb:110:in `call'
railties (5.2.4.4) lib/rails/engine.rb:524:in `call'
puma (3.12.6) lib/puma/configuration.rb:227:in `call'
puma (3.12.6) lib/puma/server.rb:706:in `handle_request'
puma (3.12.6) lib/puma/server.rb:476:in `process_client'
puma (3.12.6) lib/puma/server.rb:334:in `block in run'
puma (3.12.6) lib/puma/thread_pool.rb:135:in `block in spawn_thread'
Started GET "/users/123" for ::1 at 2020-12-03 14:00:37 -0500
Processing by UsersController#show as */*
  Parameters: {"admin"=>"true", "id"=>"123"}
Completed 200 OK in 0ms (Views: 0.1ms | ActiveRecord: 0.0ms)


Started GET "/users/123" for ::1 at 2020-12-03 14:00:56 -0500
Processing by UsersController#show as */*
  Parameters: {"admin"=>"true", "id"=>"123"}
Completed 200 OK in 0ms (Views: 0.1ms | ActiveRecord: 0.0ms)


Started GET "/users/123" for ::1 at 2020-12-03 14:01:01 -0500
Processing by UsersController#show as */*
  Parameters: {"id"=>"123"}
Completed 200 OK in 0ms (Views: 0.1ms | ActiveRecord: 0.0ms)


Started GET "/users/5" for ::1 at 2020-12-03 14:10:09 -0500
Processing by UsersController#show as */*
  Parameters: {"some_category"=>{"a_key"=>"'another value'", "a_second_key"=>"'yet another value'", "inner_inner_hash"=>{"key"=>"'value'"}}, "something_else"=>"'aaahhhhh'", "id"=>"5"}
Completed 200 OK in 0ms (Views: 0.1ms | ActiveRecord: 0.0ms)


Started GET "/users/5/?some_category[a_key]=another+value&some_category[a_second_key]=yet+another+value%27" for ::1 at 2020-12-03 14:12:32 -0500
Processing by UsersController#show as */*
  Parameters: {"some_category"=>{"a_key"=>"another value", "a_second_key"=>"yet another value'"}, "id"=>"5"}
Completed 200 OK in 0ms (Views: 0.1ms | ActiveRecord: 0.0ms)


Started GET "/users/5" for ::1 at 2020-12-03 14:13:21 -0500
Processing by UsersController#show as */*
  Parameters: {"id"=>"5"}
Completed 200 OK in 0ms (Views: 0.2ms | ActiveRecord: 0.0ms)


Started GET "/users/123" for ::1 at 2020-12-03 14:15:08 -0500
Processing by UsersController#show as */*
  Parameters: {"id"=>"123"}
Completed 200 OK in 0ms (Views: 0.1ms | ActiveRecord: 0.0ms)


Started GET "/users/123?integer=5" for ::1 at 2020-12-03 14:19:11 -0500
Processing by UsersController#show as */*
  Parameters: {"integer"=>"5", "id"=>"123"}
Completed 200 OK in 0ms (Views: 0.2ms | ActiveRecord: 0.0ms)


Started GET "/users/123" for ::1 at 2020-12-03 14:20:33 -0500
Processing by UsersController#show as */*
  Parameters: {"id"=>"123"}
Completed 200 OK in 0ms (Views: 0.1ms | ActiveRecord: 0.0ms)


Started GET "/users/123" for ::1 at 2020-12-03 14:26:19 -0500
Processing by UsersController#show as */*
  Parameters: {"some_category"=>{"a_key"=>"'another value'", "a_second_key"=>"'yet another value'", "inner_inner_hash"=>{"key"=>"'value'"}}, "something_else"=>"'aaahhhhh'", "id"=>"123"}
Completed 200 OK in 0ms (Views: 0.2ms | ActiveRecord: 0.0ms)


Started GET "/users/5" for ::1 at 2020-12-03 14:26:27 -0500
Processing by UsersController#show as */*
  Parameters: {"some_category"=>{"a_key"=>"'another value'", "a_second_key"=>"'yet another value'", "inner_inner_hash"=>{"key"=>"'value'"}}, "something_else"=>"'aaahhhhh'", "id"=>"5"}
Completed 200 OK in 0ms (Views: 0.1ms | ActiveRecord: 0.0ms)


Started POST "/users/5" for ::1 at 2020-12-03 14:27:28 -0500
  
ActionController::RoutingError (No route matches [POST] "/users/5"):
  
actionpack (5.2.4.4) lib/action_dispatch/middleware/debug_exceptions.rb:65:in `call'
web-console (3.7.0) lib/web_console/middleware.rb:135:in `call_app'
web-console (3.7.0) lib/web_console/middleware.rb:30:in `block in call'
web-console (3.7.0) lib/web_console/middleware.rb:20:in `catch'
web-console (3.7.0) lib/web_console/middleware.rb:20:in `call'
actionpack (5.2.4.4) lib/action_dispatch/middleware/show_exceptions.rb:33:in `call'
railties (5.2.4.4) lib/rails/rack/logger.rb:38:in `call_app'
railties (5.2.4.4) lib/rails/rack/logger.rb:26:in `block in call'
activesupport (5.2.4.4) lib/active_support/tagged_logging.rb:71:in `block in tagged'
activesupport (5.2.4.4) lib/active_support/tagged_logging.rb:28:in `tagged'
activesupport (5.2.4.4) lib/active_support/tagged_logging.rb:71:in `tagged'
railties (5.2.4.4) lib/rails/rack/logger.rb:26:in `call'
sprockets-rails (3.2.2) lib/sprockets/rails/quiet_assets.rb:13:in `call'
actionpack (5.2.4.4) lib/action_dispatch/middleware/remote_ip.rb:81:in `call'
actionpack (5.2.4.4) lib/action_dispatch/middleware/request_id.rb:27:in `call'
rack (2.2.3) lib/rack/method_override.rb:24:in `call'
rack (2.2.3) lib/rack/runtime.rb:22:in `call'
activesupport (5.2.4.4) lib/active_support/cache/strategy/local_cache_middleware.rb:29:in `call'
actionpack (5.2.4.4) lib/action_dispatch/middleware/executor.rb:14:in `call'
actionpack (5.2.4.4) lib/action_dispatch/middleware/static.rb:127:in `call'
rack (2.2.3) lib/rack/sendfile.rb:110:in `call'
railties (5.2.4.4) lib/rails/engine.rb:524:in `call'
puma (3.12.6) lib/puma/configuration.rb:227:in `call'
puma (3.12.6) lib/puma/server.rb:706:in `handle_request'
puma (3.12.6) lib/puma/server.rb:476:in `process_client'
puma (3.12.6) lib/puma/server.rb:334:in `block in run'
puma (3.12.6) lib/puma/thread_pool.rb:135:in `block in spawn_thread'
Started POST "/users" for ::1 at 2020-12-03 14:28:40 -0500
Processing by UsersController#create as */*
  Parameters: {"some_category"=>{"a_key"=>"'another value'", "a_second_key"=>"'yet another value'", "inner_inner_hash"=>{"key"=>"'value'"}}, "something_else"=>"'aaahhhhh'"}
Completed 200 OK in 0ms (Views: 0.1ms | ActiveRecord: 0.0ms)


Started POST "/users/5" for ::1 at 2020-12-03 14:36:46 -0500
  
ActionController::RoutingError (No route matches [POST] "/users/5"):
  
actionpack (5.2.4.4) lib/action_dispatch/middleware/debug_exceptions.rb:65:in `call'
web-console (3.7.0) lib/web_console/middleware.rb:135:in `call_app'
web-console (3.7.0) lib/web_console/middleware.rb:30:in `block in call'
web-console (3.7.0) lib/web_console/middleware.rb:20:in `catch'
web-console (3.7.0) lib/web_console/middleware.rb:20:in `call'
actionpack (5.2.4.4) lib/action_dispatch/middleware/show_exceptions.rb:33:in `call'
railties (5.2.4.4) lib/rails/rack/logger.rb:38:in `call_app'
railties (5.2.4.4) lib/rails/rack/logger.rb:26:in `block in call'
activesupport (5.2.4.4) lib/active_support/tagged_logging.rb:71:in `block in tagged'
activesupport (5.2.4.4) lib/active_support/tagged_logging.rb:28:in `tagged'
activesupport (5.2.4.4) lib/active_support/tagged_logging.rb:71:in `tagged'
railties (5.2.4.4) lib/rails/rack/logger.rb:26:in `call'
sprockets-rails (3.2.2) lib/sprockets/rails/quiet_assets.rb:13:in `call'
actionpack (5.2.4.4) lib/action_dispatch/middleware/remote_ip.rb:81:in `call'
actionpack (5.2.4.4) lib/action_dispatch/middleware/request_id.rb:27:in `call'
rack (2.2.3) lib/rack/method_override.rb:24:in `call'
rack (2.2.3) lib/rack/runtime.rb:22:in `call'
activesupport (5.2.4.4) lib/active_support/cache/strategy/local_cache_middleware.rb:29:in `call'
actionpack (5.2.4.4) lib/action_dispatch/middleware/executor.rb:14:in `call'
actionpack (5.2.4.4) lib/action_dispatch/middleware/static.rb:127:in `call'
rack (2.2.3) lib/rack/sendfile.rb:110:in `call'
railties (5.2.4.4) lib/rails/engine.rb:524:in `call'
puma (3.12.6) lib/puma/configuration.rb:227:in `call'
puma (3.12.6) lib/puma/server.rb:706:in `handle_request'
puma (3.12.6) lib/puma/server.rb:476:in `process_client'
puma (3.12.6) lib/puma/server.rb:334:in `block in run'
puma (3.12.6) lib/puma/thread_pool.rb:135:in `block in spawn_thread'
Started GET "/users/5" for ::1 at 2020-12-03 14:36:52 -0500
Processing by UsersController#show as */*
  Parameters: {"some_category"=>{"a_key"=>"'another value'", "a_second_key"=>"'yet another value'", "inner_inner_hash"=>{"key"=>"'value'"}}, "something_else"=>"'aaahhhhh'", "id"=>"5"}
Completed 200 OK in 0ms (Views: 0.1ms | ActiveRecord: 0.0ms)


Started GET "/users/5" for ::1 at 2020-12-03 14:38:13 -0500
Processing by UsersController#show as */*
  Parameters: {"some_category"=>{"a_key"=>"'another value'", "a_second_key"=>"'yet another value'", "inner_inner_hash"=>{"key"=>"'value'"}}, "something_else"=>"'aaahhhhh'", "id"=>"5"}
Completed 200 OK in 0ms (Views: 0.1ms | ActiveRecord: 0.0ms)


Started GET "/users/5" for ::1 at 2020-12-03 14:38:17 -0500
Processing by UsersController#show as */*
  Parameters: {"some_category"=>{"a_key"=>"'another value'", "a_second_key"=>"'yet another value'", "inner_inner_hash"=>{"key"=>"'value'"}}, "something_else"=>"'aaahhhhh'", "id"=>"5"}
Completed 200 OK in 1ms (Views: 0.3ms | ActiveRecord: 0.0ms)


  [1m[35m (19.0ms)[0m  [1m[35mCREATE TABLE "schema_migrations" ("version" character varying NOT NULL PRIMARY KEY)[0m
  ↳ bin/rails:9
  [1m[35m (5.0ms)[0m  [1m[35mCREATE TABLE "ar_internal_metadata" ("key" character varying NOT NULL PRIMARY KEY, "value" character varying, "created_at" timestamp NOT NULL, "updated_at" timestamp NOT NULL)[0m
  ↳ bin/rails:9
  [1m[35m (0.1ms)[0m  [1m[34mSELECT pg_try_advisory_lock(7974280239715595190)[0m
  ↳ bin/rails:9
  [1m[35m (4.4ms)[0m  [1m[34mSELECT "schema_migrations"."version" FROM "schema_migrations" ORDER BY "schema_migrations"."version" ASC[0m
  ↳ bin/rails:9
Migrating to CreateUsers (20201203194245)
  [1m[35m (0.1ms)[0m  [1m[35mBEGIN[0m
  ↳ bin/rails:9
  [1m[35m (6.9ms)[0m  [1m[35mCREATE TABLE "users" ("id" bigserial primary key, "name" character varying NOT NULL, "email" character varying NOT NULL)[0m
  ↳ db/migrate/20201203194245_create_users.rb:3
  [1m[36mActiveRecord::SchemaMigration Create (0.4ms)[0m  [1m[32mINSERT INTO "schema_migrations" ("version") VALUES ($1) RETURNING "version"[0m  [["version", "20201203194245"]]
  ↳ bin/rails:9
  [1m[35m (0.2ms)[0m  [1m[35mCOMMIT[0m
  ↳ bin/rails:9
  [1m[36mActiveRecord::InternalMetadata Load (5.9ms)[0m  [1m[34mSELECT  "ar_internal_metadata".* FROM "ar_internal_metadata" WHERE "ar_internal_metadata"."key" = $1 LIMIT $2[0m  [["key", "environment"], ["LIMIT", 1]]
  ↳ bin/rails:9
  [1m[35m (0.1ms)[0m  [1m[35mBEGIN[0m
  ↳ bin/rails:9
  [1m[36mActiveRecord::InternalMetadata Create (0.5ms)[0m  [1m[32mINSERT INTO "ar_internal_metadata" ("key", "value", "created_at", "updated_at") VALUES ($1, $2, $3, $4) RETURNING "key"[0m  [["key", "environment"], ["value", "development"], ["created_at", "2020-12-03 19:47:10.329126"], ["updated_at", "2020-12-03 19:47:10.329126"]]
  ↳ bin/rails:9
  [1m[35m (0.2ms)[0m  [1m[35mCOMMIT[0m
  ↳ bin/rails:9
  [1m[35m (0.1ms)[0m  [1m[34mSELECT pg_advisory_unlock(7974280239715595190)[0m
  ↳ bin/rails:9
  [1m[35m (0.2ms)[0m  [1m[34mSELECT "schema_migrations"."version" FROM "schema_migrations" ORDER BY "schema_migrations"."version" ASC[0m
  ↳ bin/rails:9
  [1m[35m (4.2ms)[0m  [1m[34mSELECT "schema_migrations"."version" FROM "schema_migrations" ORDER BY "schema_migrations"."version" ASC[0m
  ↳ bin/rails:9
  [1m[36mUser Load (4.1ms)[0m  [1m[34mSELECT "users".* FROM "users"[0m
  [1m[35m (0.1ms)[0m  [1m[35mBEGIN[0m
  [1m[36mUser Create (0.8ms)[0m  [1m[32mINSERT INTO "users" ("name", "email") VALUES ($1, $2) RETURNING "id"[0m  [["name", "juan"], ["email", "jaun@aol.com"]]
  [1m[35m (4.7ms)[0m  [1m[35mCOMMIT[0m
  [1m[36mUser Load (0.4ms)[0m  [1m[34mSELECT "users".* FROM "users"[0m
  [1m[35m (0.2ms)[0m  [1m[35mBEGIN[0m
  [1m[36mUser Create (0.2ms)[0m  [1m[32mINSERT INTO "users" ("name", "email") VALUES ($1, $2) RETURNING "id"[0m  [["name", "ralles"], ["email", "ralles@aol.com"]]
  [1m[35m (1.0ms)[0m  [1m[35mCOMMIT[0m
  [1m[36mUser Load (0.3ms)[0m  [1m[34mSELECT "users".* FROM "users"[0m
Started GET "/users/" for ::1 at 2020-12-03 14:58:14 -0500
  [1m[35m (9.2ms)[0m  [1m[34mSELECT "schema_migrations"."version" FROM "schema_migrations" ORDER BY "schema_migrations"."version" ASC[0m
  ↳ /home/juansanchez/.rbenv/versions/2.5.1/lib/ruby/gems/2.5.0/gems/activerecord-5.2.4.4/lib/active_record/log_subscriber.rb:98
Processing by UsersController#index as */*
  [1m[36mUser Load (11.3ms)[0m  [1m[34mSELECT "users".* FROM "users"[0m
  ↳ app/controllers/users_controller.rb:5
Completed 200 OK in 22ms (Views: 4.0ms | ActiveRecord: 14.2ms)


Started POST "/users/" for ::1 at 2020-12-03 15:02:50 -0500
Processing by UsersController#create as */*
Completed 400 Bad Request in 2ms (ActiveRecord: 0.0ms)


  
ActionController::ParameterMissing (param is missing or the value is empty: user):
  
app/controllers/users_controller.rb:11:in `create'
Started POST "/users/" for ::1 at 2020-12-03 15:03:02 -0500
Processing by UsersController#create as */*
  Parameters: {"name"=>"Juan2", "email"=>"juan2@aol.com"}
Completed 400 Bad Request in 0ms (ActiveRecord: 0.0ms)


  
ActionController::ParameterMissing (param is missing or the value is empty: user):
  
app/controllers/users_controller.rb:11:in `create'
Started POST "/users/" for ::1 at 2020-12-03 15:04:20 -0500
Processing by UsersController#create as */*
  Parameters: {"user"=>{"name"=>"Juan2", "email"=>"juan2@aol.com"}}
  [1m[35m (0.1ms)[0m  [1m[35mBEGIN[0m
  ↳ app/controllers/users_controller.rb:13
  [1m[36mUser Exists (0.5ms)[0m  [1m[34mSELECT  1 AS one FROM "users" WHERE "users"."name" = $1 LIMIT $2[0m  [["name", "Juan2"], ["LIMIT", 1]]
  ↳ app/controllers/users_controller.rb:13
  [1m[36mUser Exists (0.2ms)[0m  [1m[34mSELECT  1 AS one FROM "users" WHERE "users"."email" = $1 LIMIT $2[0m  [["email", "juan2@aol.com"], ["LIMIT", 1]]
  ↳ app/controllers/users_controller.rb:13
  [1m[36mUser Create (0.5ms)[0m  [1m[32mINSERT INTO "users" ("name", "email") VALUES ($1, $2) RETURNING "id"[0m  [["name", "Juan2"], ["email", "juan2@aol.com"]]
  ↳ app/controllers/users_controller.rb:13
  [1m[35m (7.1ms)[0m  [1m[35mCOMMIT[0m
  ↳ app/controllers/users_controller.rb:13
Completed 200 OK in 24ms (Views: 0.2ms | ActiveRecord: 11.7ms)


Started GET "/users/" for ::1 at 2020-12-03 15:04:38 -0500
Processing by UsersController#index as */*
  [1m[36mUser Load (0.2ms)[0m  [1m[34mSELECT "users".* FROM "users"[0m
  ↳ app/controllers/users_controller.rb:5
Completed 200 OK in 1ms (Views: 0.7ms | ActiveRecord: 0.2ms)


Started POST "/users/" for ::1 at 2020-12-03 15:11:01 -0500
Processing by UsersController#create as */*
  Parameters: {"user"=>{"name"=>"Juan7"}}
  [1m[35m (0.1ms)[0m  [1m[35mBEGIN[0m
  ↳ app/controllers/users_controller.rb:12
  [1m[36mUser Exists (8.8ms)[0m  [1m[34mSELECT  1 AS one FROM "users" WHERE "users"."name" = $1 LIMIT $2[0m  [["name", "Juan7"], ["LIMIT", 1]]
  ↳ app/controllers/users_controller.rb:12
  [1m[36mUser Exists (0.4ms)[0m  [1m[34mSELECT  1 AS one FROM "users" WHERE "users"."email" IS NULL LIMIT $1[0m  [["LIMIT", 1]]
  ↳ app/controllers/users_controller.rb:12
  [1m[35m (0.1ms)[0m  [1m[31mROLLBACK[0m
  ↳ app/controllers/users_controller.rb:12
Completed 422 Unprocessable Entity in 70ms (Views: 0.1ms | ActiveRecord: 14.4ms)


Started POST "/users/" for ::1 at 2020-12-03 15:11:58 -0500
Processing by UsersController#create as */*
  Parameters: {"user"=>{"name"=>"Juan7", "email"=>"juan2@aol.co7"}}
  [1m[35m (0.1ms)[0m  [1m[35mBEGIN[0m
  ↳ app/controllers/users_controller.rb:12
  [1m[36mUser Exists (0.2ms)[0m  [1m[34mSELECT  1 AS one FROM "users" WHERE "users"."name" = $1 LIMIT $2[0m  [["name", "Juan7"], ["LIMIT", 1]]
  ↳ app/controllers/users_controller.rb:12
  [1m[36mUser Exists (0.3ms)[0m  [1m[34mSELECT  1 AS one FROM "users" WHERE "users"."email" = $1 LIMIT $2[0m  [["email", "juan2@aol.co7"], ["LIMIT", 1]]
  ↳ app/controllers/users_controller.rb:12
  [1m[36mUser Create (0.3ms)[0m  [1m[32mINSERT INTO "users" ("name", "email") VALUES ($1, $2) RETURNING "id"[0m  [["name", "Juan7"], ["email", "juan2@aol.co7"]]
  ↳ app/controllers/users_controller.rb:12
  [1m[35m (5.2ms)[0m  [1m[35mCOMMIT[0m
  ↳ app/controllers/users_controller.rb:12
Completed 200 OK in 8ms (Views: 0.2ms | ActiveRecord: 6.1ms)


Started GET "/users/" for ::1 at 2020-12-03 15:12:08 -0500
Processing by UsersController#index as */*
  Parameters: {"user"=>{"name"=>"Juan7", "email"=>"juan2@aol.co7"}}
  [1m[36mUser Load (0.5ms)[0m  [1m[34mSELECT "users".* FROM "users"[0m
  ↳ app/controllers/users_controller.rb:5
Completed 200 OK in 3ms (Views: 1.2ms | ActiveRecord: 0.5ms)


Started GET "/users/" for ::1 at 2020-12-03 15:12:11 -0500
Processing by UsersController#index as */*
  [1m[36mUser Load (0.4ms)[0m  [1m[34mSELECT "users".* FROM "users"[0m
  ↳ app/controllers/users_controller.rb:5
Completed 200 OK in 1ms (Views: 0.8ms | ActiveRecord: 0.4ms)


Started GET "/users/3" for ::1 at 2020-12-03 15:14:56 -0500
Processing by UsersController#show as */*
  Parameters: {"id"=>"3"}
  [1m[36mUser Load (0.3ms)[0m  [1m[34mSELECT  "users".* FROM "users" WHERE "users"."id" = $1 LIMIT $2[0m  [["id", 3], ["LIMIT", 1]]
  ↳ app/controllers/users_controller.rb:21
Completed 200 OK in 8ms (Views: 0.2ms | ActiveRecord: 3.1ms)


Started GET "/users/2" for ::1 at 2020-12-03 15:15:01 -0500
Processing by UsersController#show as */*
  Parameters: {"id"=>"2"}
  [1m[36mUser Load (0.3ms)[0m  [1m[34mSELECT  "users".* FROM "users" WHERE "users"."id" = $1 LIMIT $2[0m  [["id", 2], ["LIMIT", 1]]
  ↳ app/controllers/users_controller.rb:21
Completed 200 OK in 1ms (Views: 0.2ms | ActiveRecord: 0.3ms)


Started GET "/users/4" for ::1 at 2020-12-03 15:15:05 -0500
Processing by UsersController#show as */*
  Parameters: {"id"=>"4"}
  [1m[36mUser Load (0.2ms)[0m  [1m[34mSELECT  "users".* FROM "users" WHERE "users"."id" = $1 LIMIT $2[0m  [["id", 4], ["LIMIT", 1]]
  ↳ app/controllers/users_controller.rb:21
Completed 200 OK in 1ms (Views: 0.1ms | ActiveRecord: 0.2ms)


Started GET "/users/5" for ::1 at 2020-12-03 15:15:09 -0500
Processing by UsersController#show as */*
  Parameters: {"id"=>"5"}
  [1m[36mUser Load (0.3ms)[0m  [1m[34mSELECT  "users".* FROM "users" WHERE "users"."id" = $1 LIMIT $2[0m  [["id", 5], ["LIMIT", 1]]
  ↳ app/controllers/users_controller.rb:21
Completed 404 Not Found in 1ms (ActiveRecord: 0.3ms)


  
ActiveRecord::RecordNotFound (Couldn't find User with 'id'=5):
  
app/controllers/users_controller.rb:21:in `show'
Started DELETE "/users/4" for ::1 at 2020-12-03 15:17:10 -0500
Processing by UsersController#destroy as */*
  Parameters: {"id"=>"4"}
  [1m[36mUser Load (0.1ms)[0m  [1m[34mSELECT  "users".* FROM "users" WHERE "users"."id" = $1 LIMIT $2[0m  [["id", 4], ["LIMIT", 1]]
  ↳ app/controllers/users_controller.rb:27
  [1m[35m (0.1ms)[0m  [1m[35mBEGIN[0m
  ↳ app/controllers/users_controller.rb:28
  [1m[36mUser Destroy (0.1ms)[0m  [1m[31mDELETE FROM "users" WHERE "users"."id" = $1[0m  [["id", 4]]
  ↳ app/controllers/users_controller.rb:28
  [1m[35m (0.2ms)[0m  [1m[35mCOMMIT[0m
  ↳ app/controllers/users_controller.rb:28
Completed 200 OK in 10ms (Views: 0.1ms | ActiveRecord: 3.3ms)


Started GET "/users" for ::1 at 2020-12-03 15:18:21 -0500
Processing by UsersController#index as */*
  [1m[36mUser Load (0.3ms)[0m  [1m[34mSELECT "users".* FROM "users"[0m
  ↳ app/controllers/users_controller.rb:5
Completed 200 OK in 8ms (Views: 2.8ms | ActiveRecord: 3.3ms)


Started DELETE "/users/1" for ::1 at 2020-12-03 15:18:29 -0500
Processing by UsersController#destroy as */*
  Parameters: {"id"=>"1"}
  [1m[36mUser Load (0.3ms)[0m  [1m[34mSELECT  "users".* FROM "users" WHERE "users"."id" = $1 LIMIT $2[0m  [["id", 1], ["LIMIT", 1]]
  ↳ app/controllers/users_controller.rb:27
  [1m[35m (0.1ms)[0m  [1m[35mBEGIN[0m
  ↳ app/controllers/users_controller.rb:28
  [1m[36mUser Destroy (0.2ms)[0m  [1m[31mDELETE FROM "users" WHERE "users"."id" = $1[0m  [["id", 1]]
  ↳ app/controllers/users_controller.rb:28
  [1m[35m (0.2ms)[0m  [1m[35mCOMMIT[0m
  ↳ app/controllers/users_controller.rb:28
Redirected to http://localhost:3000/users
Completed 302 Found in 3ms (ActiveRecord: 0.7ms)


Started GET "/users" for ::1 at 2020-12-03 15:18:29 -0500
Processing by UsersController#index as */*
  [1m[36mUser Load (0.4ms)[0m  [1m[34mSELECT "users".* FROM "users"[0m
  ↳ app/controllers/users_controller.rb:5
Completed 200 OK in 2ms (Views: 0.8ms | ActiveRecord: 0.4ms)


Started PATCH "/users/2?user[email]=RALLES@hotmail.com&user[name]=RALLES" for ::1 at 2020-12-03 15:28:02 -0500
Processing by UsersController#update as */*
  Parameters: {"user"=>{"email"=>"RALLES@hotmail.com", "name"=>"RALLES"}, "id"=>"2"}
  [1m[36mUser Load (9.1ms)[0m  [1m[34mSELECT  "users".* FROM "users" WHERE "users"."id" = $1 LIMIT $2[0m  [["id", 2], ["LIMIT", 1]]
  ↳ app/controllers/users_controller.rb:33
  [1m[35m (0.2ms)[0m  [1m[35mBEGIN[0m
  ↳ app/controllers/users_controller.rb:35
  [1m[36mUser Exists (0.5ms)[0m  [1m[34mSELECT  1 AS one FROM "users" WHERE "users"."name" = $1 AND "users"."id" != $2 LIMIT $3[0m  [["name", "RALLES"], ["id", 2], ["LIMIT", 1]]
  ↳ app/controllers/users_controller.rb:35
  [1m[36mUser Exists (0.3ms)[0m  [1m[34mSELECT  1 AS one FROM "users" WHERE "users"."email" = $1 AND "users"."id" != $2 LIMIT $3[0m  [["email", "RALLES@hotmail.com"], ["id", 2], ["LIMIT", 1]]
  ↳ app/controllers/users_controller.rb:35
  [1m[36mUser Update (0.2ms)[0m  [1m[33mUPDATE "users" SET "name" = $1, "email" = $2 WHERE "users"."id" = $3[0m  [["name", "RALLES"], ["email", "RALLES@hotmail.com"], ["id", 2]]
  ↳ app/controllers/users_controller.rb:35
  [1m[35m (5.2ms)[0m  [1m[35mCOMMIT[0m
  ↳ app/controllers/users_controller.rb:35
Redirected to http://localhost:3000/users
Completed 302 Found in 30ms (ActiveRecord: 22.0ms)


Started GET "/users" for ::1 at 2020-12-03 15:28:02 -0500
Processing by UsersController#index as */*
  [1m[36mUser Load (0.2ms)[0m  [1m[34mSELECT "users".* FROM "users"[0m
  ↳ app/controllers/users_controller.rb:5
Completed 200 OK in 1ms (Views: 0.5ms | ActiveRecord: 0.2ms)


Started PUT "/users/2?user[email]=RALLES1@hotmail.com&user[name]=RALLLLLLESSSS" for ::1 at 2020-12-03 15:28:33 -0500
Processing by UsersController#update as */*
  Parameters: {"user"=>{"email"=>"RALLES1@hotmail.com", "name"=>"RALLLLLLESSSS"}, "id"=>"2"}
  [1m[36mUser Load (0.2ms)[0m  [1m[34mSELECT  "users".* FROM "users" WHERE "users"."id" = $1 LIMIT $2[0m  [["id", 2], ["LIMIT", 1]]
  ↳ app/controllers/users_controller.rb:33
  [1m[35m (0.1ms)[0m  [1m[35mBEGIN[0m
  ↳ app/controllers/users_controller.rb:35
  [1m[36mUser Exists (0.3ms)[0m  [1m[34mSELECT  1 AS one FROM "users" WHERE "users"."name" = $1 AND "users"."id" != $2 LIMIT $3[0m  [["name", "RALLLLLLESSSS"], ["id", 2], ["LIMIT", 1]]
  ↳ app/controllers/users_controller.rb:35
  [1m[36mUser Exists (0.4ms)[0m  [1m[34mSELECT  1 AS one FROM "users" WHERE "users"."email" = $1 AND "users"."id" != $2 LIMIT $3[0m  [["email", "RALLES1@hotmail.com"], ["id", 2], ["LIMIT", 1]]
  ↳ app/controllers/users_controller.rb:35
  [1m[36mUser Update (0.2ms)[0m  [1m[33mUPDATE "users" SET "name" = $1, "email" = $2 WHERE "users"."id" = $3[0m  [["name", "RALLLLLLESSSS"], ["email", "RALLES1@hotmail.com"], ["id", 2]]
  ↳ app/controllers/users_controller.rb:35
  [1m[35m (0.3ms)[0m  [1m[35mCOMMIT[0m
  ↳ app/controllers/users_controller.rb:35
Redirected to http://localhost:3000/users
Completed 302 Found in 5ms (ActiveRecord: 1.5ms)


Started GET "/users" for ::1 at 2020-12-03 15:28:33 -0500
Processing by UsersController#index as */*
  [1m[36mUser Load (0.2ms)[0m  [1m[34mSELECT "users".* FROM "users"[0m
  ↳ app/controllers/users_controller.rb:5
Completed 200 OK in 1ms (Views: 0.5ms | ActiveRecord: 0.2ms)


Started PUT "/users/2?user[email]=RALLES1222277@hotmail.com" for ::1 at 2020-12-03 15:28:58 -0500
Processing by UsersController#update as */*
  Parameters: {"user"=>{"email"=>"RALLES1222277@hotmail.com"}, "id"=>"2"}
  [1m[36mUser Load (0.3ms)[0m  [1m[34mSELECT  "users".* FROM "users" WHERE "users"."id" = $1 LIMIT $2[0m  [["id", 2], ["LIMIT", 1]]
  ↳ app/controllers/users_controller.rb:33
  [1m[35m (0.1ms)[0m  [1m[35mBEGIN[0m
  ↳ app/controllers/users_controller.rb:35
  [1m[36mUser Exists (0.2ms)[0m  [1m[34mSELECT  1 AS one FROM "users" WHERE "users"."name" = $1 AND "users"."id" != $2 LIMIT $3[0m  [["name", "RALLLLLLESSSS"], ["id", 2], ["LIMIT", 1]]
  ↳ app/controllers/users_controller.rb:35
  [1m[36mUser Exists (0.2ms)[0m  [1m[34mSELECT  1 AS one FROM "users" WHERE "users"."email" = $1 AND "users"."id" != $2 LIMIT $3[0m  [["email", "RALLES1222277@hotmail.com"], ["id", 2], ["LIMIT", 1]]
  ↳ app/controllers/users_controller.rb:35
  [1m[36mUser Update (0.2ms)[0m  [1m[33mUPDATE "users" SET "email" = $1 WHERE "users"."id" = $2[0m  [["email", "RALLES1222277@hotmail.com"], ["id", 2]]
  ↳ app/controllers/users_controller.rb:35
  [1m[35m (0.3ms)[0m  [1m[35mCOMMIT[0m
  ↳ app/controllers/users_controller.rb:35
Redirected to http://localhost:3000/users
Completed 302 Found in 5ms (ActiveRecord: 1.3ms)


Started GET "/users" for ::1 at 2020-12-03 15:28:58 -0500
Processing by UsersController#index as */*
  [1m[36mUser Load (0.3ms)[0m  [1m[34mSELECT "users".* FROM "users"[0m
  ↳ app/controllers/users_controller.rb:5
Completed 200 OK in 1ms (Views: 0.8ms | ActiveRecord: 0.3ms)


Started PUT "/users/2?user[email]=Rliu@hotmail.com" for ::1 at 2020-12-03 15:29:23 -0500
Processing by UsersController#update as */*
  Parameters: {"user"=>{"email"=>"Rliu@hotmail.com"}, "id"=>"2"}
  [1m[36mUser Load (0.2ms)[0m  [1m[34mSELECT  "users".* FROM "users" WHERE "users"."id" = $1 LIMIT $2[0m  [["id", 2], ["LIMIT", 1]]
  ↳ app/controllers/users_controller.rb:33
  [1m[35m (0.1ms)[0m  [1m[35mBEGIN[0m
  ↳ app/controllers/users_controller.rb:35
  [1m[36mUser Exists (0.2ms)[0m  [1m[34mSELECT  1 AS one FROM "users" WHERE "users"."name" = $1 AND "users"."id" != $2 LIMIT $3[0m  [["name", "RALLLLLLESSSS"], ["id", 2], ["LIMIT", 1]]
  ↳ app/controllers/users_controller.rb:35
  [1m[36mUser Exists (0.1ms)[0m  [1m[34mSELECT  1 AS one FROM "users" WHERE "users"."email" = $1 AND "users"."id" != $2 LIMIT $3[0m  [["email", "Rliu@hotmail.com"], ["id", 2], ["LIMIT", 1]]
  ↳ app/controllers/users_controller.rb:35
  [1m[36mUser Update (0.2ms)[0m  [1m[33mUPDATE "users" SET "email" = $1 WHERE "users"."id" = $2[0m  [["email", "Rliu@hotmail.com"], ["id", 2]]
  ↳ app/controllers/users_controller.rb:35
  [1m[35m (0.3ms)[0m  [1m[35mCOMMIT[0m
  ↳ app/controllers/users_controller.rb:35
Redirected to http://localhost:3000/users
Completed 302 Found in 4ms (ActiveRecord: 1.0ms)


Started GET "/users" for ::1 at 2020-12-03 15:29:23 -0500
Processing by UsersController#index as */*
  [1m[36mUser Load (0.3ms)[0m  [1m[34mSELECT "users".* FROM "users"[0m
  ↳ app/controllers/users_controller.rb:5
Completed 200 OK in 1ms (Views: 0.8ms | ActiveRecord: 0.3ms)


